[debug] [2024-08-15T06:04:42.008Z] ----------------------------------------------------------------------
[debug] [2024-08-15T06:04:42.010Z] Command:       C:\Program Files\nodejs\node.exe C:\Users\DELL\AppData\Roaming\npm\node_modules\firebase-tools\lib\bin\firebase.js deploy
[debug] [2024-08-15T06:04:42.010Z] CLI Version:   13.0.2
[debug] [2024-08-15T06:04:42.010Z] Platform:      win32
[debug] [2024-08-15T06:04:42.010Z] Node Version:  v18.18.0
[debug] [2024-08-15T06:04:42.011Z] Time:          Thu Aug 15 2024 12:04:42 GMT+0600 (Bangladesh Standard Time)
[debug] [2024-08-15T06:04:42.011Z] ----------------------------------------------------------------------
[debug] 
[debug] [2024-08-15T06:04:42.064Z] > command requires scopes: ["email","openid","https://www.googleapis.com/auth/cloudplatformprojects.readonly","https://www.googleapis.com/auth/firebase","https://www.googleapis.com/auth/cloud-platform"]
[debug] [2024-08-15T06:04:42.065Z] > authorizing via signed-in user (amsr215019@gmail.com)
[debug] [2024-08-15T06:04:42.065Z] [iam] checking project interiordesign-d389c for permissions ["firebase.projects.get","firebasehosting.sites.update"]
[debug] [2024-08-15T06:04:42.066Z] > refreshing access token with scopes: []
[debug] [2024-08-15T06:04:42.067Z] >>> [apiv2][query] POST https://www.googleapis.com/oauth2/v3/token [none]
[debug] [2024-08-15T06:04:42.067Z] >>> [apiv2][body] POST https://www.googleapis.com/oauth2/v3/token [omitted]
[debug] [2024-08-15T06:04:42.439Z] <<< [apiv2][status] POST https://www.googleapis.com/oauth2/v3/token 400
[debug] [2024-08-15T06:04:42.440Z] <<< [apiv2][body] POST https://www.googleapis.com/oauth2/v3/token [omitted]
[debug] [2024-08-15T06:04:42.440Z] >>> [apiv2][query] POST https://cloudresourcemanager.googleapis.com/v1/projects/interiordesign-d389c:testIamPermissions [none]
[debug] [2024-08-15T06:04:42.440Z] >>> [apiv2][(partial)header] POST https://cloudresourcemanager.googleapis.com/v1/projects/interiordesign-d389c:testIamPermissions x-goog-quota-user=projects/interiordesign-d389c
[debug] [2024-08-15T06:04:42.440Z] >>> [apiv2][body] POST https://cloudresourcemanager.googleapis.com/v1/projects/interiordesign-d389c:testIamPermissions {"permissions":["firebase.projects.get","firebasehosting.sites.update"]}
[debug] [2024-08-15T06:04:43.961Z] <<< [apiv2][status] POST https://cloudresourcemanager.googleapis.com/v1/projects/interiordesign-d389c:testIamPermissions 401
[debug] [2024-08-15T06:04:43.961Z] <<< [apiv2][body] POST https://cloudresourcemanager.googleapis.com/v1/projects/interiordesign-d389c:testIamPermissions {"error":{"code":401,"message":"Request had invalid authentication credentials. Expected OAuth 2 access token, login cookie or other valid authentication credential. See https://developers.google.com/identity/sign-in/web/devconsole-project.","status":"UNAUTHENTICATED","details":[{"@type":"type.googleapis.com/google.rpc.ErrorInfo","reason":"ACCESS_TOKEN_TYPE_UNSUPPORTED","metadata":{"method":"google.cloudresourcemanager.v1.Projects.TestIamPermissions","service":"cloudresourcemanager.googleapis.com"}}]}}
[debug] [2024-08-15T06:04:43.963Z] [iam] error while checking permissions, command may fail: FirebaseError: HTTP Error: 401, Request had invalid authentication credentials. Expected OAuth 2 access token, login cookie or other valid authentication credential. See https://developers.google.com/identity/sign-in/web/devconsole-project.
[debug] [2024-08-15T06:04:43.963Z] > refreshing access token with scopes: []
[debug] [2024-08-15T06:04:43.964Z] >>> [apiv2][query] POST https://www.googleapis.com/oauth2/v3/token [none]
[debug] [2024-08-15T06:04:43.964Z] >>> [apiv2][body] POST https://www.googleapis.com/oauth2/v3/token [omitted]
[debug] [2024-08-15T06:04:44.271Z] <<< [apiv2][status] POST https://www.googleapis.com/oauth2/v3/token 400
[debug] [2024-08-15T06:04:44.271Z] <<< [apiv2][body] POST https://www.googleapis.com/oauth2/v3/token [omitted]
[debug] [2024-08-15T06:04:44.273Z] >>> [apiv2][query] GET https://firebase.googleapis.com/v1beta1/projects/interiordesign-d389c [none]
[debug] [2024-08-15T06:04:44.878Z] <<< [apiv2][status] GET https://firebase.googleapis.com/v1beta1/projects/interiordesign-d389c 401
[debug] [2024-08-15T06:04:44.878Z] <<< [apiv2][body] GET https://firebase.googleapis.com/v1beta1/projects/interiordesign-d389c {"error":{"code":401,"message":"Request had invalid authentication credentials. Expected OAuth 2 access token, login cookie or other valid authentication credential. See https://developers.google.com/identity/sign-in/web/devconsole-project.","status":"UNAUTHENTICATED"}}
[debug] [2024-08-15T06:04:44.879Z] HTTP Error: 401, Request had invalid authentication credentials. Expected OAuth 2 access token, login cookie or other valid authentication credential. See https://developers.google.com/identity/sign-in/web/devconsole-project.
[error] 
[error] Error: Assertion failed: resolving hosting target of a site with no site name or target name. This should have caused an error earlier
[debug] [2024-08-15T06:07:43.774Z] ----------------------------------------------------------------------
[debug] [2024-08-15T06:07:43.775Z] Command:       C:\Program Files\nodejs\node.exe C:\Users\DELL\AppData\Roaming\npm\node_modules\firebase-tools\lib\bin\firebase.js init
[debug] [2024-08-15T06:07:43.775Z] CLI Version:   13.0.2
[debug] [2024-08-15T06:07:43.775Z] Platform:      win32
[debug] [2024-08-15T06:07:43.776Z] Node Version:  v18.18.0
[debug] [2024-08-15T06:07:43.776Z] Time:          Thu Aug 15 2024 12:07:43 GMT+0600 (Bangladesh Standard Time)
[debug] [2024-08-15T06:07:43.776Z] ----------------------------------------------------------------------
[debug] 
[debug] [2024-08-15T06:07:43.830Z] > command requires scopes: ["email","openid","https://www.googleapis.com/auth/cloudplatformprojects.readonly","https://www.googleapis.com/auth/firebase","https://www.googleapis.com/auth/cloud-platform"]
[debug] [2024-08-15T06:07:43.831Z] > authorizing via signed-in user (amsr215019@gmail.com)
[info] 
     ######## #### ########  ######## ########     ###     ######  ########
     ##        ##  ##     ## ##       ##     ##  ##   ##  ##       ##
     ######    ##  ########  ######   ########  #########  ######  ######
     ##        ##  ##    ##  ##       ##     ## ##     ##       ## ##
     ##       #### ##     ## ######## ########  ##     ##  ######  ########

You're about to initialize a Firebase project in this directory:

  E:\Inter\reactjs-core-concept

Before we get started, keep in mind:

  * You are initializing within an existing Firebase project directory

[info] 
=== Project Setup
[info] 
[info] First, let's associate this project directory with a Firebase project.
[info] You can create multiple project aliases by running firebase use --add, 
[info] but for now we'll just set up a default project.
[info] 
[debug] [2024-08-15T06:08:03.118Z] Using project from CLI flag: interiordesign-d389c
[debug] [2024-08-15T06:08:03.119Z] > refreshing access token with scopes: []
[debug] [2024-08-15T06:08:03.121Z] >>> [apiv2][query] POST https://www.googleapis.com/oauth2/v3/token [none]
[debug] [2024-08-15T06:08:03.121Z] >>> [apiv2][body] POST https://www.googleapis.com/oauth2/v3/token [omitted]
[debug] [2024-08-15T06:08:03.575Z] <<< [apiv2][status] POST https://www.googleapis.com/oauth2/v3/token 400
[debug] [2024-08-15T06:08:03.576Z] <<< [apiv2][body] POST https://www.googleapis.com/oauth2/v3/token [omitted]
[debug] [2024-08-15T06:08:03.576Z] >>> [apiv2][query] GET https://firebase.googleapis.com/v1beta1/projects/interiordesign-d389c [none]
[debug] [2024-08-15T06:08:03.945Z] <<< [apiv2][status] GET https://firebase.googleapis.com/v1beta1/projects/interiordesign-d389c 401
[debug] [2024-08-15T06:08:03.945Z] <<< [apiv2][body] GET https://firebase.googleapis.com/v1beta1/projects/interiordesign-d389c {"error":{"code":401,"message":"Request had invalid authentication credentials. Expected OAuth 2 access token, login cookie or other valid authentication credential. See https://developers.google.com/identity/sign-in/web/devconsole-project.","status":"UNAUTHENTICATED"}}
[debug] [2024-08-15T06:08:03.945Z] HTTP Error: 401, Request had invalid authentication credentials. Expected OAuth 2 access token, login cookie or other valid authentication credential. See https://developers.google.com/identity/sign-in/web/devconsole-project.
[debug] [2024-08-15T06:08:04.248Z] FirebaseError: HTTP Error: 401, Request had invalid authentication credentials. Expected OAuth 2 access token, login cookie or other valid authentication credential. See https://developers.google.com/identity/sign-in/web/devconsole-project.
    at responseToError (C:\Users\DELL\AppData\Roaming\npm\node_modules\firebase-tools\lib\responseToError.js:49:12)
    at RetryOperation._fn (C:\Users\DELL\AppData\Roaming\npm\node_modules\firebase-tools\lib\apiv2.js:292:77)
    at process.processTicksAndRejections (node:internal/process/task_queues:95:5)
[error] 
[error] Error: Failed to get Firebase project interiordesign-d389c. Please make sure the project exists and your account has permission to access it.
[debug] [2024-08-15T06:13:05.101Z] ----------------------------------------------------------------------
[debug] [2024-08-15T06:13:05.103Z] Command:       C:\Program Files\nodejs\node.exe C:\Users\DELL\AppData\Roaming\npm\node_modules\firebase-tools\lib\bin\firebase.js deploy
[debug] [2024-08-15T06:13:05.103Z] CLI Version:   13.0.2
[debug] [2024-08-15T06:13:05.103Z] Platform:      win32
[debug] [2024-08-15T06:13:05.103Z] Node Version:  v18.18.0
[debug] [2024-08-15T06:13:05.105Z] Time:          Thu Aug 15 2024 12:13:05 GMT+0600 (Bangladesh Standard Time)
[debug] [2024-08-15T06:13:05.105Z] ----------------------------------------------------------------------
[debug] 
[debug] [2024-08-15T06:13:05.161Z] > command requires scopes: ["email","openid","https://www.googleapis.com/auth/cloudplatformprojects.readonly","https://www.googleapis.com/auth/firebase","https://www.googleapis.com/auth/cloud-platform"]
[debug] [2024-08-15T06:13:05.161Z] > authorizing via signed-in user (amsr215019@gmail.com)
[debug] [2024-08-15T06:13:05.161Z] [iam] checking project interiordesign-d389c for permissions ["firebase.projects.get","firebasehosting.sites.update"]
[debug] [2024-08-15T06:13:05.163Z] > refreshing access token with scopes: []
[debug] [2024-08-15T06:13:05.164Z] >>> [apiv2][query] POST https://www.googleapis.com/oauth2/v3/token [none]
[debug] [2024-08-15T06:13:05.164Z] >>> [apiv2][body] POST https://www.googleapis.com/oauth2/v3/token [omitted]
[debug] [2024-08-15T06:13:05.552Z] <<< [apiv2][status] POST https://www.googleapis.com/oauth2/v3/token 400
[debug] [2024-08-15T06:13:05.552Z] <<< [apiv2][body] POST https://www.googleapis.com/oauth2/v3/token [omitted]
[debug] [2024-08-15T06:13:05.553Z] >>> [apiv2][query] POST https://cloudresourcemanager.googleapis.com/v1/projects/interiordesign-d389c:testIamPermissions [none]
[debug] [2024-08-15T06:13:05.553Z] >>> [apiv2][(partial)header] POST https://cloudresourcemanager.googleapis.com/v1/projects/interiordesign-d389c:testIamPermissions x-goog-quota-user=projects/interiordesign-d389c
[debug] [2024-08-15T06:13:05.553Z] >>> [apiv2][body] POST https://cloudresourcemanager.googleapis.com/v1/projects/interiordesign-d389c:testIamPermissions {"permissions":["firebase.projects.get","firebasehosting.sites.update"]}
[debug] [2024-08-15T06:13:07.210Z] <<< [apiv2][status] POST https://cloudresourcemanager.googleapis.com/v1/projects/interiordesign-d389c:testIamPermissions 401
[debug] [2024-08-15T06:13:07.210Z] <<< [apiv2][body] POST https://cloudresourcemanager.googleapis.com/v1/projects/interiordesign-d389c:testIamPermissions {"error":{"code":401,"message":"Request had invalid authentication credentials. Expected OAuth 2 access token, login cookie or other valid authentication credential. See https://developers.google.com/identity/sign-in/web/devconsole-project.","status":"UNAUTHENTICATED","details":[{"@type":"type.googleapis.com/google.rpc.ErrorInfo","reason":"ACCESS_TOKEN_TYPE_UNSUPPORTED","metadata":{"method":"google.cloudresourcemanager.v1.Projects.TestIamPermissions","service":"cloudresourcemanager.googleapis.com"}}]}}
[debug] [2024-08-15T06:13:07.212Z] [iam] error while checking permissions, command may fail: FirebaseError: HTTP Error: 401, Request had invalid authentication credentials. Expected OAuth 2 access token, login cookie or other valid authentication credential. See https://developers.google.com/identity/sign-in/web/devconsole-project.
[debug] [2024-08-15T06:13:07.213Z] > refreshing access token with scopes: []
[debug] [2024-08-15T06:13:07.214Z] >>> [apiv2][query] POST https://www.googleapis.com/oauth2/v3/token [none]
[debug] [2024-08-15T06:13:07.214Z] >>> [apiv2][body] POST https://www.googleapis.com/oauth2/v3/token [omitted]
[debug] [2024-08-15T06:13:07.535Z] <<< [apiv2][status] POST https://www.googleapis.com/oauth2/v3/token 400
[debug] [2024-08-15T06:13:07.535Z] <<< [apiv2][body] POST https://www.googleapis.com/oauth2/v3/token [omitted]
[debug] [2024-08-15T06:13:07.537Z] >>> [apiv2][query] GET https://firebase.googleapis.com/v1beta1/projects/interiordesign-d389c [none]
[debug] [2024-08-15T06:13:08.132Z] <<< [apiv2][status] GET https://firebase.googleapis.com/v1beta1/projects/interiordesign-d389c 401
[debug] [2024-08-15T06:13:08.132Z] <<< [apiv2][body] GET https://firebase.googleapis.com/v1beta1/projects/interiordesign-d389c {"error":{"code":401,"message":"Request had invalid authentication credentials. Expected OAuth 2 access token, login cookie or other valid authentication credential. See https://developers.google.com/identity/sign-in/web/devconsole-project.","status":"UNAUTHENTICATED"}}
[debug] [2024-08-15T06:13:08.132Z] HTTP Error: 401, Request had invalid authentication credentials. Expected OAuth 2 access token, login cookie or other valid authentication credential. See https://developers.google.com/identity/sign-in/web/devconsole-project.
[error] 
[error] Error: Assertion failed: resolving hosting target of a site with no site name or target name. This should have caused an error earlier
